2021-02-02  9:20:47 0 [Note] InnoDB: Uses event mutexes
2021-02-02  9:20:47 0 [Note] InnoDB: Compressed tables use zlib 1.2.11
2021-02-02  9:20:47 0 [Note] InnoDB: Number of pools: 1
2021-02-02  9:20:47 0 [Note] InnoDB: Using crc32 + pclmulqdq instructions
2021-02-02  9:20:47 0 [Note] mariadbd: O_TMPFILE is not supported on /var/tmp (disabling future attempts)
2021-02-02  9:20:47 0 [Note] InnoDB: Initializing buffer pool, total size = 134217728, chunk size = 134217728
2021-02-02  9:20:47 0 [Note] InnoDB: Completed initialization of buffer pool
2021-02-02  9:20:47 0 [Note] InnoDB: If the mysqld execution user is authorized, page cleaner thread priority can be changed. See the man page of setpriority().
2021-02-02  9:20:47 0 [Note] InnoDB: Starting crash recovery from checkpoint LSN=1303295,1303295
2021-02-02  9:20:47 0 [Note] InnoDB: Ignoring data file './wp_db/wp_options.ibd' with space ID 39, since the redo log references ./wp_db/wp_options.ibd with space ID 14.
2021-02-02  9:20:47 0 [Note] InnoDB: Ignoring data file './wp_db/wp_users.ibd' with space ID 30, since the redo log references ./wp_db/wp_users.ibd with space ID 5.
2021-02-02  9:20:47 0 [Note] InnoDB: Ignoring data file './wp_db/wp_usermeta.ibd' with space ID 31, since the redo log references ./wp_db/wp_usermeta.ibd with space ID 6.
2021-02-02  9:20:47 0 [Note] InnoDB: Ignoring data file './wp_db/wp_users.ibd' with space ID 30, since the redo log references ./wp_db/wp_users.ibd with space ID 17.
2021-02-02  9:20:47 0 [Note] InnoDB: Ignoring data file './wp_db/wp_usermeta.ibd' with space ID 31, since the redo log references ./wp_db/wp_usermeta.ibd with space ID 18.
2021-02-02  9:20:47 0 [Note] InnoDB: Ignoring data file './wp_db/wp_termmeta.ibd' with space ID 32, since the redo log references ./wp_db/wp_termmeta.ibd with space ID 19.
2021-02-02  9:20:47 0 [Note] InnoDB: Ignoring data file './wp_db/wp_terms.ibd' with space ID 33, since the redo log references ./wp_db/wp_terms.ibd with space ID 20.
2021-02-02  9:20:48 0 [Note] InnoDB: Ignoring data file './wp_db/wp_term_taxonomy.ibd' with space ID 34, since the redo log references ./wp_db/wp_term_taxonomy.ibd with space ID 21.
2021-02-02  9:20:48 0 [Note] InnoDB: Ignoring data file './wp_db/wp_term_relationships.ibd' with space ID 35, since the redo log references ./wp_db/wp_term_relationships.ibd with space ID 22.
2021-02-02  9:20:48 0 [Note] InnoDB: Ignoring data file './wp_db/wp_commentmeta.ibd' with space ID 36, since the redo log references ./wp_db/wp_commentmeta.ibd with space ID 23.
2021-02-02  9:20:48 0 [Note] InnoDB: Ignoring data file './wp_db/wp_comments.ibd' with space ID 37, since the redo log references ./wp_db/wp_comments.ibd with space ID 24.
2021-02-02  9:20:48 0 [Note] InnoDB: Ignoring data file './wp_db/wp_links.ibd' with space ID 38, since the redo log references ./wp_db/wp_links.ibd with space ID 25.
2021-02-02  9:20:48 0 [Note] InnoDB: Ignoring data file './wp_db/wp_options.ibd' with space ID 39, since the redo log references ./wp_db/wp_options.ibd with space ID 26.
2021-02-02  9:20:48 0 [Note] InnoDB: Ignoring data file './wp_db/wp_postmeta.ibd' with space ID 40, since the redo log references ./wp_db/wp_postmeta.ibd with space ID 27.
2021-02-02  9:20:48 0 [Note] InnoDB: Ignoring data file './wp_db/wp_posts.ibd' with space ID 41, since the redo log references ./wp_db/wp_posts.ibd with space ID 28.
2021-02-02  9:20:48 0 [Note] InnoDB: Starting final batch to recover 174 pages from redo log.
2021-02-02  9:20:48 0 [Note] InnoDB: 128 rollback segments are active.
2021-02-02  9:20:48 0 [Note] InnoDB: Removed temporary tablespace data file: "ibtmp1"
2021-02-02  9:20:48 0 [Note] InnoDB: Creating shared tablespace for temporary tables
2021-02-02  9:20:48 0 [Note] InnoDB: Setting file './ibtmp1' size to 12 MB. Physically writing the file full; Please wait ...
2021-02-02  9:20:48 0 [Note] InnoDB: File './ibtmp1' size is now 12 MB.
2021-02-02  9:20:48 0 [Note] InnoDB: 10.5.8 started; log sequence number 4521413; transaction id 2493
2021-02-02  9:20:48 0 [Note] InnoDB: Loading buffer pool(s) from /data/ib_buffer_pool
2021-02-02  9:20:48 0 [Note] Plugin 'FEEDBACK' is disabled.
2021-02-02  9:20:49 0 [Note] InnoDB: Buffer pool(s) load completed at 210202  9:20:49
2021-02-02  9:20:49 0 [Note] Server socket created on IP: '0.0.0.0'.
2021-02-02  9:20:49 0 [Note] Reading of all Master_info entries succeeded
2021-02-02  9:20:49 0 [Note] Added new Master_info '' to hash table
2021-02-02  9:20:49 0 [Note] /usr/bin/mariadbd: ready for connections.
Version: '10.5.8-MariaDB'  socket: '/run/mysqld/mysqld.sock'  port: 3306  MariaDB Server
2021-02-02  9:22:12 3 [Warning] IP address '172.17.0.1' could not be resolved: Name does not resolve
