2021-01-28 10:15:12 0 [Note] InnoDB: Uses event mutexes
2021-01-28 10:15:12 0 [Note] InnoDB: Compressed tables use zlib 1.2.11
2021-01-28 10:15:12 0 [Note] InnoDB: Number of pools: 1
2021-01-28 10:15:12 0 [Note] InnoDB: Using crc32 + pclmulqdq instructions
2021-01-28 10:15:12 0 [Note] mariadbd: O_TMPFILE is not supported on /var/tmp (disabling future attempts)
2021-01-28 10:15:12 0 [Note] InnoDB: Initializing buffer pool, total size = 134217728, chunk size = 134217728
2021-01-28 10:15:12 0 [Note] InnoDB: Completed initialization of buffer pool
2021-01-28 10:15:12 0 [Note] InnoDB: If the mysqld execution user is authorized, page cleaner thread priority can be changed. See the man page of setpriority().
2021-01-28 10:15:12 0 [Note] InnoDB: 128 rollback segments are active.
2021-01-28 10:15:12 0 [Note] InnoDB: Creating shared tablespace for temporary tables
2021-01-28 10:15:12 0 [Note] InnoDB: Setting file './ibtmp1' size to 12 MB. Physically writing the file full; Please wait ...
2021-01-28 10:15:13 0 [Note] InnoDB: File './ibtmp1' size is now 12 MB.
2021-01-28 10:15:13 0 [Note] InnoDB: 10.5.8 started; log sequence number 1303295; transaction id 728
2021-01-28 10:15:13 0 [Note] Plugin 'FEEDBACK' is disabled.
2021-01-28 10:15:13 0 [Note] InnoDB: Loading buffer pool(s) from /data/ib_buffer_pool
2021-01-28 10:15:13 0 [Note] Server socket created on IP: '0.0.0.0'.
2021-01-28 10:15:13 0 [Note] InnoDB: Buffer pool(s) load completed at 210128 10:15:13
2021-01-28 10:15:13 0 [Note] Reading of all Master_info entries succeeded
2021-01-28 10:15:13 0 [Note] Added new Master_info '' to hash table
2021-01-28 10:15:13 0 [Note] /usr/bin/mariadbd: ready for connections.
Version: '10.5.8-MariaDB'  socket: '/run/mysqld/mysqld.sock'  port: 3306  MariaDB Server
2021-01-28 10:15:24 3 [Warning] IP address '172.17.0.1' could not be resolved: Name does not resolve
2021-01-28 12:18:33 0 [Note] InnoDB: Uses event mutexes
2021-01-28 12:18:33 0 [Note] InnoDB: Compressed tables use zlib 1.2.11
2021-01-28 12:18:33 0 [Note] InnoDB: Number of pools: 1
2021-01-28 12:18:33 0 [Note] InnoDB: Using crc32 + pclmulqdq instructions
2021-01-28 12:18:33 0 [Note] mariadbd: O_TMPFILE is not supported on /var/tmp (disabling future attempts)
2021-01-28 12:18:33 0 [Note] InnoDB: Initializing buffer pool, total size = 134217728, chunk size = 134217728
2021-01-28 12:18:33 0 [Note] InnoDB: Completed initialization of buffer pool
2021-01-28 12:18:33 0 [Note] InnoDB: If the mysqld execution user is authorized, page cleaner thread priority can be changed. See the man page of setpriority().
2021-01-28 12:18:33 0 [Note] InnoDB: Starting crash recovery from checkpoint LSN=1303295,1303295
2021-01-28 12:18:33 0 [Note] InnoDB: Starting final batch to recover 5 pages from redo log.
2021-01-28 12:18:34 0 [Note] InnoDB: 128 rollback segments are active.
2021-01-28 12:18:34 0 [Note] InnoDB: Removed temporary tablespace data file: "ibtmp1"
2021-01-28 12:18:34 0 [Note] InnoDB: Creating shared tablespace for temporary tables
2021-01-28 12:18:34 0 [Note] InnoDB: Setting file './ibtmp1' size to 12 MB. Physically writing the file full; Please wait ...
2021-01-28 12:18:34 0 [Note] InnoDB: File './ibtmp1' size is now 12 MB.
2021-01-28 12:18:34 0 [Note] InnoDB: 10.5.8 started; log sequence number 1305318; transaction id 756
2021-01-28 12:18:34 0 [Note] Plugin 'FEEDBACK' is disabled.
2021-01-28 12:18:34 0 [Note] InnoDB: Loading buffer pool(s) from /data/ib_buffer_pool
2021-01-28 12:18:34 0 [Note] Server socket created on IP: '0.0.0.0'.
2021-01-28 12:18:34 0 [Note] InnoDB: Buffer pool(s) load completed at 210128 12:18:34
2021-01-28 12:18:35 0 [Note] Reading of all Master_info entries succeeded
2021-01-28 12:18:35 0 [Note] Added new Master_info '' to hash table
2021-01-28 12:18:35 0 [Note] /usr/bin/mariadbd: ready for connections.
Version: '10.5.8-MariaDB'  socket: '/run/mysqld/mysqld.sock'  port: 3306  MariaDB Server
2021-01-28 12:20:00 3 [Warning] IP address '172.17.0.1' could not be resolved: Name does not resolve
2021-01-28 13:03:41 25 [Warning] Access denied for user 'wp_user'@'172.17.0.1' (using password: NO)
